<?xml version="1.0" encoding="UTF-8"?>
<!-- Generated by org.testng.reporters.JUnitReportReporter -->
<testsuite hostname="MacBookAir.lan" failures="0" tests="1" name="test.MyTest" time="0.032" errors="0" timestamp="2025-05-27T15:32:26 IST" skipped="0">
  <testcase classname="test.MyTest" name="demo" time="0.032"/>
</testsuite> <!-- test.MyTest -->
