<?xml version="1.0" encoding="UTF-8"?>
<!-- Generated by org.testng.reporters.JUnitReportReporter -->
<testsuite hostname="MacBookAir.lan" failures="0" tests="1" name="test.BaiscValidation" time="0.036" errors="0" timestamp="2025-05-28T14:18:28 IST" skipped="0">
  <testcase classname="test.BaiscValidation" name="urlValidation" time="0.036">
    <system-out>
      <![CDATA[Expected Result = https://www.facebook.com/
Actual Result = https://www.facebook.com/]]>
    </system-out>
  </testcase> <!-- urlValidation -->
  <system-out>
    <![CDATA[Expected Result = https://www.facebook.com/
Actual Result = https://www.facebook.com/]]>
  </system-out>
</testsuite> <!-- test.BaiscValidation -->
